<?xml version="1.0" encoding="UTF-8"?>
<!-- Generated by org.testng.reporters.JUnitReportReporter -->
<testsuite hostname="PRIYA" failures="0" tests="2" name="Ethos.com.Test.StringCal_Test" time="0.007" errors="0" timestamp="2024-02-01T16:57:30 IST" skipped="0">
  <testcase classname="Ethos.com.Test.StringCal_Test" name="TestAddition" time="0.006"/>
  <system-out/>
  <testcase classname="Ethos.com.Test.StringCal_Test" name="TestAddition" time="0.001"/>
  <system-out/>
</testsuite> <!-- Ethos.com.Test.StringCal_Test -->
